Flutter crash report.
Please report a bug at https://github.com/flutter/flutter/issues.

## command

flutter pub get --directory "d:\ECHAPP\frontend"

## exception

FileSystemException: FileSystemException: Exists failed, path = 'd:\ECHAPP\"d:\ECHAPP\frontend"' (OS Error: The filename, directory name, or volume label syntax is incorrect, errno = 123)

```
#0      _Directory.existsSync (dart:io/directory_impl.dart:106:7)
#1      ForwardingFileSystemEntity.existsSync (package:file/src/forwarding/forwarding_file_system_entity.dart:43:33)
#2      ErrorHandlingDirectory.existsSync.<anonymous closure> (package:flutter_tools/src/base/error_handling_io.dart:461:22)
#3      _runSync (package:flutter_tools/src/base/error_handling_io.dart:552:14)
#4      ErrorHandlingDirectory.existsSync (package:flutter_tools/src/base/error_handling_io.dart:460:12)
#5      findProjectRoot (package:flutter_tools/src/base/os.dart:602:27)
#6      PackagesGetCommand.runCommand (package:flutter_tools/src/commands/packages.dart:281:16)
#7      FlutterCommand.verifyThenRunCommand (package:flutter_tools/src/runner/flutter_command.dart:1885:12)
<asynchronous suspension>
#8      FlutterCommand.run.<anonymous closure> (package:flutter_tools/src/runner/flutter_command.dart:1559:27)
<asynchronous suspension>
#9      AppContext.run.<anonymous closure> (package:flutter_tools/src/base/context.dart:154:19)
<asynchronous suspension>
#10     CommandRunner.runCommand (package:args/command_runner.dart:212:13)
<asynchronous suspension>
#11     FlutterCommandRunner.runCommand.<anonymous closure> (package:flutter_tools/src/runner/flutter_command_runner.dart:487:9)
<asynchronous suspension>
#12     AppContext.run.<anonymous closure> (package:flutter_tools/src/base/context.dart:154:19)
<asynchronous suspension>
#13     FlutterCommandRunner.runCommand (package:flutter_tools/src/runner/flutter_command_runner.dart:422:5)
<asynchronous suspension>
#14     run.<anonymous closure>.<anonymous closure> (package:flutter_tools/runner.dart:104:11)
<asynchronous suspension>
#15     AppContext.run.<anonymous closure> (package:flutter_tools/src/base/context.dart:154:19)
<asynchronous suspension>
#16     main (package:flutter_tools/executable.dart:103:3)
<asynchronous suspension>
```

## flutter doctor

```
[✓] Flutter (Channel stable, 3.38.8, on Microsoft Windows [Version 10.0.26200.7840], locale en-US) [439ms]
    • Flutter version 3.38.8 on channel stable at C:\flutter
    • Upstream repository https://github.com/flutter/flutter.git
    • Framework revision bd7a4a6b55 (5 weeks ago), 2026-01-26 15:21:03 -0800
    • Engine revision db373eb85a
    • Dart version 3.10.7
    • DevTools version 2.51.1
    • Feature flags: enable-web, enable-linux-desktop, enable-macos-desktop, enable-windows-desktop, enable-android, enable-ios, cli-animations, enable-native-assets, omit-legacy-version-file, enable-lldb-debugging

[✓] Windows Version (11 Pro 64-bit, 25H2, 2009) [3.5s]

[✓] Android toolchain - develop for Android devices (Android SDK version 36.1.0) [9.3s]
    • Android SDK at C:\Users\Lenovo\AppData\Local\Android\sdk
    • Emulator version 36.3.10.0 (build_id 14472402) (CL:N/A)
    • Platform android-36, build-tools 36.1.0
    • Java binary at: C:\Program Files\Android\Android Studio\jbr\bin\java
      This JDK is specified in your Flutter configuration.
      To change the current JDK, run: `flutter config --jdk-dir="path/to/jdk"`.
    • Java version OpenJDK Runtime Environment (build 21.0.8+-14196175-b1038.72)
    • All Android licenses accepted.

[✗] Chrome - develop for the web (Cannot find Chrome executable at .\Google\Chrome\Application\chrome.exe) [26ms]
    ! Cannot find Chrome. Try setting CHROME_EXECUTABLE to a Chrome executable.

[☠] Visual Studio - develop Windows apps (the doctor check crashed)
    ✗ Due to an error, the doctor check did not complete. If the error message below is not helpful, please let us know about this issue at https://github.com/flutter/flutter/issues.
    ✗ Error: %PROGRAMFILES(X86)% environment variable not found.
    • #0      throwToolExit (package:flutter_tools/src/base/common.dart:34:3)
      #1      VisualStudio._vswherePath (package:flutter_tools/src/windows/visual_studio.dart:264:7)
      #2      VisualStudio._visualStudioDetails (package:flutter_tools/src/windows/visual_studio.dart:355:9)
      #3      VisualStudio._bestVisualStudioDetails.<anonymous closure> (package:flutter_tools/src/windows/visual_studio.dart:445:40)
      #4      VisualStudio._bestVisualStudioDetails (package:flutter_tools/src/windows/visual_studio.dart:462:4)
      #5      VisualStudio._bestVisualStudioDetails (package:flutter_tools/src/windows/visual_studio.dart)
      #6      VisualStudio.isInstalled (package:flutter_tools/src/windows/visual_studio.dart:46:27)
      #7      VisualStudioValidator.validateImpl (package:flutter_tools/src/windows/visual_studio_validator.dart:27:23)
      #8      DoctorValidator.validate (package:flutter_tools/src/doctor_validator.dart:58:43)
      #9      Doctor.startValidatorTasks.<anonymous closure> (package:flutter_tools/src/doctor.dart:202:72)
      #10     asyncGuard.<anonymous closure> (package:flutter_tools/src/base/async_guard.dart:108:32)
      #11     _rootRun (dart:async/zone.dart:1525:13)
      #12     _CustomZone.run (dart:async/zone.dart:1422:19)
      #13     _runZoned (dart:async/zone.dart:2034:6)
      #14     runZonedGuarded (dart:async/zone.dart:2020:12)
      #15     asyncGuard (package:flutter_tools/src/base/async_guard.dart:106:3)
      #16     Doctor.startValidatorTasks (package:flutter_tools/src/doctor.dart:192:9)
      #17     DoctorText._validatorTasks (package:flutter_tools/src/doctor.dart:799:60)
      #18     DoctorText._validatorTasks (package:flutter_tools/src/doctor.dart)
      #19     DoctorText._runDiagnosis (package:flutter_tools/src/doctor.dart:804:32)
      #20     DoctorText.text (package:flutter_tools/src/doctor.dart:795:36)
      #21     DoctorText.text (package:flutter_tools/src/doctor.dart)
      #22     _createLocalCrashReport (package:flutter_tools/runner.dart:326:51)
      #23     _handleToolErrorImpl (package:flutter_tools/runner.dart:287:31)
      <asynchronous suspension>
      #24     AppContext.run.<anonymous closure> (package:flutter_tools/src/base/context.dart:154:19)
      <asynchronous suspension>
      #25     main (package:flutter_tools/executable.dart:103:3)
      <asynchronous suspension>


[✓] Connected device (3 available) [1,092ms]
    • sdk gphone64 x86 64 (mobile) • emulator-5554 • android-x64    • Android 16 (API 36) (emulator)
    • Windows (desktop)            • windows       • windows-x64    • Microsoft Windows [Version 10.0.26200.7840]
    • Edge (web)                   • edge          • web-javascript • Microsoft Edge 145.0.3800.58 (unsupported)

[✓] Network resources [1,721ms]
    • All expected network resources are available.

! Doctor found issues in 2 categories.
```
